<?xml version="1.0" encoding="utf-8"?><testsuites><testsuite errors="0" failures="0" hostname="DESKTOP-5IK740P" name="pytest" skipped="0" tests="0" time="0.012" timestamp="2020-05-25T00:44:05.810125"></testsuite></testsuites>